2024-05-09 19:52:52 | INFO | {'id': 2, 'user': 1, 'topic': 1, 'title': 'Prueba de edit', 'type': 0, 'content': '6ejU8CqqL5h0aukU2H3EuklP767mM5Cp37RbuOC3pMySaPhgBfEqywcuzOeqUqPl.webp', 'visible': 0}
2024-05-09 19:52:52 | INFO | uploading files to firebase
2024-05-09 19:52:52 | INFO | image/<class 'type'>
2024-05-09 19:52:52 | ERROR | 'str' object has no attribute 'tell'
2024-05-09 19:52:52 | ERROR | Traceback (most recent call last):
  File "/app/api/utils/FirebaseFunctions.py", line 36, in uploadFirebase
    imageBlob.upload_from_file(image, content_type=content_type)
  File "/usr/local/lib/python3.11/site-packages/google/cloud/storage/blob.py", line 2796, in upload_from_file
    self._prep_and_do_upload(
  File "/usr/local/lib/python3.11/site-packages/google/cloud/storage/blob.py", line 2637, in _prep_and_do_upload
    created_json = self._do_upload(
                   ^^^^^^^^^^^^^^^^
  File "/usr/local/lib/python3.11/site-packages/google/cloud/storage/blob.py", line 2460, in _do_upload
    response = self._do_resumable_upload(
               ^^^^^^^^^^^^^^^^^^^^^^^^^^
  File "/usr/local/lib/python3.11/site-packages/google/cloud/storage/blob.py", line 2278, in _do_resumable_upload
    upload, transport = self._initiate_resumable_upload(
                        ^^^^^^^^^^^^^^^^^^^^^^^^^^^^^^^^
  File "/usr/local/lib/python3.11/site-packages/google/cloud/storage/blob.py", line 2152, in _initiate_resumable_upload
    upload.initiate(
  File "/usr/local/lib/python3.11/site-packages/google/resumable_media/requests/upload.py", line 402, in initiate
    method, url, payload, headers = self._prepare_initiate_request(
                                    ^^^^^^^^^^^^^^^^^^^^^^^^^^^^^^^
  File "/usr/local/lib/python3.11/site-packages/google/resumable_media/_upload.py", line 470, in _prepare_initiate_request
    if stream.tell() != 0:
       ^^^^^^^^^^^
AttributeError: 'str' object has no attribute 'tell'

2024-05-09 19:52:52 | INFO | update `posts` set user = '1', topic = '1', title = 'Prueba de edit', type = '0', content = 'DFcZJ7XHG9tU9Ym6eQpG9bheiXJl0USqVlQxdYUQrBUYZHk15pKioPupeo0zURC8.webp', visible = '0' where id = '2'
2024-05-09 19:55:43 | INFO | {'id': 2, 'user': 1, 'topic': 1, 'title': 'Prueba de edit', 'type': 0, 'content': 'DFcZJ7XHG9tU9Ym6eQpG9bheiXJl0USqVlQxdYUQrBUYZHk15pKioPupeo0zURC8.webp', 'visible': 0}
2024-05-09 19:55:43 | INFO | uploading files to firebase
2024-05-09 19:55:43 | INFO | image/<class 'type'>
2024-05-09 19:55:44 | INFO | update `posts` set user = '1', topic = '1', title = 'Prueba de edit', type = '0', content = '4ixHlbiVTYWv4AFaA3d6iiD9NKcSczt9knJ2QFB662krWESaVh1VtHUQF8KdW7YD.webp', visible = '0' where id = '2'
2024-05-09 19:55:54 | INFO | {'id': 2, 'user': 1, 'topic': 1, 'title': 'Prueba de edit', 'type': 0, 'content': '4ixHlbiVTYWv4AFaA3d6iiD9NKcSczt9knJ2QFB662krWESaVh1VtHUQF8KdW7YD.webp', 'visible': 0}
2024-05-09 19:55:54 | INFO | uploading files to firebase
2024-05-09 19:55:54 | INFO | image/<class 'type'>
2024-05-09 19:55:54 | INFO | update `posts` set user = '1', topic = '1', title = 'Prueba de edit', type = '0', content = 'uEWqWI9wmc699CSChn7G2VAgwfuui7q7qt6iI31ulYBn0PfNH4mzcJTMjRmVouai.webp', visible = '0' where id = '2'
